{"uid":"b3fb56561908d050","name":"DELETE /users/{id} debería ser idempotente","fullName":"apitests.IdempotencyTest.deleteUsuarioEsIdempotente","historyId":"5258099029d8f5abd0ddeb2f16fc420b","time":{"start":1754966235597,"stop":1754966235972,"duration":375},"description":"Repetir DELETE /users/2 debe responder con status code 404 en la segunda vez","descriptionHtml":"<p>Repetir DELETE /users/2 debe responder con status code 404 en la segunda vez</p>\n","status":"failed","statusMessage":"1 expectation failed.\nExpected status code <404> but was <204>.\n","statusTrace":"java.lang.AssertionError: 1 expectation failed.\nExpected status code <404> but was <204>.\n\n\tat java.base/jdk.internal.reflect.DirectConstructorHandleAccessor.newInstance(DirectConstructorHandleAccessor.java:62)\n\tat java.base/java.lang.reflect.Constructor.newInstanceWithCaller(Constructor.java:502)\n\tat java.base/java.lang.reflect.Constructor.newInstance(Constructor.java:486)\n\tat org.codehaus.groovy.reflection.CachedConstructor.invoke(CachedConstructor.java:73)\n\tat org.codehaus.groovy.runtime.callsite.ConstructorSite$ConstructorSiteNoUnwrapNoCoerce.callConstructor(ConstructorSite.java:108)\n\tat org.codehaus.groovy.runtime.callsite.AbstractCallSite.callConstructor(AbstractCallSite.java:277)\n\tat io.restassured.internal.ResponseSpecificationImpl$HamcrestAssertionClosure.validate(ResponseSpecificationImpl.groovy:512)\n\tat io.restassured.internal.ResponseSpecificationImpl$HamcrestAssertionClosure$validate$1.call(Unknown Source)\n\tat io.restassured.internal.ResponseSpecificationImpl.validateResponseIfRequired(ResponseSpecificationImpl.groovy:696)\n\tat io.restassured.internal.ResponseSpecificationImpl.this$2$validateResponseIfRequired(ResponseSpecificationImpl.groovy)\n\tat java.base/jdk.internal.reflect.DirectMethodHandleAccessor.invoke(DirectMethodHandleAccessor.java:103)\n\tat java.base/java.lang.reflect.Method.invoke(Method.java:580)\n\tat org.codehaus.groovy.runtime.callsite.PlainObjectMetaMethodSite.doInvoke(PlainObjectMetaMethodSite.java:43)\n\tat org.codehaus.groovy.runtime.callsite.PogoMetaMethodSite$PogoCachedMethodSiteNoUnwrapNoCoerce.invoke(PogoMetaMethodSite.java:198)\n\tat org.codehaus.groovy.runtime.callsite.PogoMetaMethodSite.callCurrent(PogoMetaMethodSite.java:62)\n\tat org.codehaus.groovy.runtime.callsite.AbstractCallSite.callCurrent(AbstractCallSite.java:185)\n\tat io.restassured.internal.ResponseSpecificationImpl.statusCode(ResponseSpecificationImpl.groovy:135)\n\tat io.restassured.specification.ResponseSpecification$statusCode$0.callCurrent(Unknown Source)\n\tat io.restassured.internal.ResponseSpecificationImpl.statusCode(ResponseSpecificationImpl.groovy:143)\n\tat io.restassured.internal.ValidatableResponseOptionsImpl.statusCode(ValidatableResponseOptionsImpl.java:89)\n\tat apitests.IdempotencyTest.deleteUsuarioEsIdempotente(IdempotencyTest.java:63)\n\tat java.base/jdk.internal.reflect.DirectMethodHandleAccessor.invoke(DirectMethodHandleAccessor.java:103)\n\tat java.base/java.lang.reflect.Method.invoke(Method.java:580)\n\tat org.testng.internal.invokers.MethodInvocationHelper.invokeMethod(MethodInvocationHelper.java:141)\n\tat org.testng.internal.invokers.TestInvoker.invokeMethod(TestInvoker.java:687)\n\tat org.testng.internal.invokers.TestInvoker.invokeTestMethod(TestInvoker.java:230)\n\tat org.testng.internal.invokers.MethodRunner.runInSequence(MethodRunner.java:63)\n\tat org.testng.internal.invokers.TestInvoker$MethodInvocationAgent.invoke(TestInvoker.java:995)\n\tat org.testng.internal.invokers.TestInvoker.invokeTestMethods(TestInvoker.java:203)\n\tat org.testng.internal.invokers.TestMethodWorker.invokeTestMethods(TestMethodWorker.java:154)\n\tat org.testng.internal.invokers.TestMethodWorker.run(TestMethodWorker.java:134)\n\tat java.base/java.util.ArrayList.forEach(ArrayList.java:1596)\n\tat org.testng.TestRunner.privateRun(TestRunner.java:741)\n\tat org.testng.TestRunner.run(TestRunner.java:616)\n\tat org.testng.SuiteRunner.runTest(SuiteRunner.java:421)\n\tat org.testng.SuiteRunner.runSequentially(SuiteRunner.java:413)\n\tat org.testng.SuiteRunner.privateRun(SuiteRunner.java:373)\n\tat org.testng.SuiteRunner.run(SuiteRunner.java:312)\n\tat org.testng.SuiteRunnerWorker.runSuite(SuiteRunnerWorker.java:52)\n\tat org.testng.SuiteRunnerWorker.run(SuiteRunnerWorker.java:95)\n\tat org.testng.TestNG.runSuitesSequentially(TestNG.java:1274)\n\tat org.testng.TestNG.runSuitesLocally(TestNG.java:1208)\n\tat org.testng.TestNG.runSuites(TestNG.java:1112)\n\tat org.testng.TestNG.run(TestNG.java:1079)\n\tat org.gradle.api.internal.tasks.testing.testng.TestNGTestClassProcessor.runTests(TestNGTestClassProcessor.java:153)\n\tat org.gradle.api.internal.tasks.testing.testng.TestNGTestClassProcessor.stop(TestNGTestClassProcessor.java:95)\n\tat org.gradle.api.internal.tasks.testing.SuiteTestClassProcessor.stop(SuiteTestClassProcessor.java:63)\n\tat java.base/jdk.internal.reflect.DirectMethodHandleAccessor.invoke(DirectMethodHandleAccessor.java:103)\n\tat java.base/java.lang.reflect.Method.invoke(Method.java:580)\n\tat org.gradle.internal.dispatch.ReflectionDispatch.dispatch(ReflectionDispatch.java:36)\n\tat org.gradle.internal.dispatch.ReflectionDispatch.dispatch(ReflectionDispatch.java:24)\n\tat org.gradle.internal.dispatch.ContextClassLoaderDispatch.dispatch(ContextClassLoaderDispatch.java:33)\n\tat org.gradle.internal.dispatch.ProxyDispatchAdapter$DispatchingInvocationHandler.invoke(ProxyDispatchAdapter.java:92)\n\tat jdk.proxy1/jdk.proxy1.$Proxy4.stop(Unknown Source)\n\tat org.gradle.api.internal.tasks.testing.worker.TestWorker$3.run(TestWorker.java:200)\n\tat org.gradle.api.internal.tasks.testing.worker.TestWorker.executeAndMaintainThreadName(TestWorker.java:132)\n\tat org.gradle.api.internal.tasks.testing.worker.TestWorker.execute(TestWorker.java:103)\n\tat org.gradle.api.internal.tasks.testing.worker.TestWorker.execute(TestWorker.java:63)\n\tat org.gradle.process.internal.worker.child.ActionExecutionWorker.execute(ActionExecutionWorker.java:56)\n\tat org.gradle.process.internal.worker.child.SystemApplicationClassLoaderWorker.call(SystemApplicationClassLoaderWorker.java:122)\n\tat org.gradle.process.internal.worker.child.SystemApplicationClassLoaderWorker.call(SystemApplicationClassLoaderWorker.java:72)\n\tat worker.org.gradle.process.internal.worker.GradleWorkerMain.run(GradleWorkerMain.java:69)\n\tat worker.org.gradle.process.internal.worker.GradleWorkerMain.main(GradleWorkerMain.java:74)\n","flaky":false,"newFailed":false,"newBroken":false,"newPassed":false,"retriesCount":0,"retriesStatusChange":false,"beforeStages":[],"testStage":{"description":"Repetir DELETE /users/2 debe responder con status code 404 en la segunda vez","status":"failed","statusMessage":"1 expectation failed.\nExpected status code <404> but was <204>.\n","statusTrace":"java.lang.AssertionError: 1 expectation failed.\nExpected status code <404> but was <204>.\n\n\tat java.base/jdk.internal.reflect.DirectConstructorHandleAccessor.newInstance(DirectConstructorHandleAccessor.java:62)\n\tat java.base/java.lang.reflect.Constructor.newInstanceWithCaller(Constructor.java:502)\n\tat java.base/java.lang.reflect.Constructor.newInstance(Constructor.java:486)\n\tat org.codehaus.groovy.reflection.CachedConstructor.invoke(CachedConstructor.java:73)\n\tat org.codehaus.groovy.runtime.callsite.ConstructorSite$ConstructorSiteNoUnwrapNoCoerce.callConstructor(ConstructorSite.java:108)\n\tat org.codehaus.groovy.runtime.callsite.AbstractCallSite.callConstructor(AbstractCallSite.java:277)\n\tat io.restassured.internal.ResponseSpecificationImpl$HamcrestAssertionClosure.validate(ResponseSpecificationImpl.groovy:512)\n\tat io.restassured.internal.ResponseSpecificationImpl$HamcrestAssertionClosure$validate$1.call(Unknown Source)\n\tat io.restassured.internal.ResponseSpecificationImpl.validateResponseIfRequired(ResponseSpecificationImpl.groovy:696)\n\tat io.restassured.internal.ResponseSpecificationImpl.this$2$validateResponseIfRequired(ResponseSpecificationImpl.groovy)\n\tat java.base/jdk.internal.reflect.DirectMethodHandleAccessor.invoke(DirectMethodHandleAccessor.java:103)\n\tat java.base/java.lang.reflect.Method.invoke(Method.java:580)\n\tat org.codehaus.groovy.runtime.callsite.PlainObjectMetaMethodSite.doInvoke(PlainObjectMetaMethodSite.java:43)\n\tat org.codehaus.groovy.runtime.callsite.PogoMetaMethodSite$PogoCachedMethodSiteNoUnwrapNoCoerce.invoke(PogoMetaMethodSite.java:198)\n\tat org.codehaus.groovy.runtime.callsite.PogoMetaMethodSite.callCurrent(PogoMetaMethodSite.java:62)\n\tat org.codehaus.groovy.runtime.callsite.AbstractCallSite.callCurrent(AbstractCallSite.java:185)\n\tat io.restassured.internal.ResponseSpecificationImpl.statusCode(ResponseSpecificationImpl.groovy:135)\n\tat io.restassured.specification.ResponseSpecification$statusCode$0.callCurrent(Unknown Source)\n\tat io.restassured.internal.ResponseSpecificationImpl.statusCode(ResponseSpecificationImpl.groovy:143)\n\tat io.restassured.internal.ValidatableResponseOptionsImpl.statusCode(ValidatableResponseOptionsImpl.java:89)\n\tat apitests.IdempotencyTest.deleteUsuarioEsIdempotente(IdempotencyTest.java:63)\n\tat java.base/jdk.internal.reflect.DirectMethodHandleAccessor.invoke(DirectMethodHandleAccessor.java:103)\n\tat java.base/java.lang.reflect.Method.invoke(Method.java:580)\n\tat org.testng.internal.invokers.MethodInvocationHelper.invokeMethod(MethodInvocationHelper.java:141)\n\tat org.testng.internal.invokers.TestInvoker.invokeMethod(TestInvoker.java:687)\n\tat org.testng.internal.invokers.TestInvoker.invokeTestMethod(TestInvoker.java:230)\n\tat org.testng.internal.invokers.MethodRunner.runInSequence(MethodRunner.java:63)\n\tat org.testng.internal.invokers.TestInvoker$MethodInvocationAgent.invoke(TestInvoker.java:995)\n\tat org.testng.internal.invokers.TestInvoker.invokeTestMethods(TestInvoker.java:203)\n\tat org.testng.internal.invokers.TestMethodWorker.invokeTestMethods(TestMethodWorker.java:154)\n\tat org.testng.internal.invokers.TestMethodWorker.run(TestMethodWorker.java:134)\n\tat java.base/java.util.ArrayList.forEach(ArrayList.java:1596)\n\tat org.testng.TestRunner.privateRun(TestRunner.java:741)\n\tat org.testng.TestRunner.run(TestRunner.java:616)\n\tat org.testng.SuiteRunner.runTest(SuiteRunner.java:421)\n\tat org.testng.SuiteRunner.runSequentially(SuiteRunner.java:413)\n\tat org.testng.SuiteRunner.privateRun(SuiteRunner.java:373)\n\tat org.testng.SuiteRunner.run(SuiteRunner.java:312)\n\tat org.testng.SuiteRunnerWorker.runSuite(SuiteRunnerWorker.java:52)\n\tat org.testng.SuiteRunnerWorker.run(SuiteRunnerWorker.java:95)\n\tat org.testng.TestNG.runSuitesSequentially(TestNG.java:1274)\n\tat org.testng.TestNG.runSuitesLocally(TestNG.java:1208)\n\tat org.testng.TestNG.runSuites(TestNG.java:1112)\n\tat org.testng.TestNG.run(TestNG.java:1079)\n\tat org.gradle.api.internal.tasks.testing.testng.TestNGTestClassProcessor.runTests(TestNGTestClassProcessor.java:153)\n\tat org.gradle.api.internal.tasks.testing.testng.TestNGTestClassProcessor.stop(TestNGTestClassProcessor.java:95)\n\tat org.gradle.api.internal.tasks.testing.SuiteTestClassProcessor.stop(SuiteTestClassProcessor.java:63)\n\tat java.base/jdk.internal.reflect.DirectMethodHandleAccessor.invoke(DirectMethodHandleAccessor.java:103)\n\tat java.base/java.lang.reflect.Method.invoke(Method.java:580)\n\tat org.gradle.internal.dispatch.ReflectionDispatch.dispatch(ReflectionDispatch.java:36)\n\tat org.gradle.internal.dispatch.ReflectionDispatch.dispatch(ReflectionDispatch.java:24)\n\tat org.gradle.internal.dispatch.ContextClassLoaderDispatch.dispatch(ContextClassLoaderDispatch.java:33)\n\tat org.gradle.internal.dispatch.ProxyDispatchAdapter$DispatchingInvocationHandler.invoke(ProxyDispatchAdapter.java:92)\n\tat jdk.proxy1/jdk.proxy1.$Proxy4.stop(Unknown Source)\n\tat org.gradle.api.internal.tasks.testing.worker.TestWorker$3.run(TestWorker.java:200)\n\tat org.gradle.api.internal.tasks.testing.worker.TestWorker.executeAndMaintainThreadName(TestWorker.java:132)\n\tat org.gradle.api.internal.tasks.testing.worker.TestWorker.execute(TestWorker.java:103)\n\tat org.gradle.api.internal.tasks.testing.worker.TestWorker.execute(TestWorker.java:63)\n\tat org.gradle.process.internal.worker.child.ActionExecutionWorker.execute(ActionExecutionWorker.java:56)\n\tat org.gradle.process.internal.worker.child.SystemApplicationClassLoaderWorker.call(SystemApplicationClassLoaderWorker.java:122)\n\tat org.gradle.process.internal.worker.child.SystemApplicationClassLoaderWorker.call(SystemApplicationClassLoaderWorker.java:72)\n\tat worker.org.gradle.process.internal.worker.GradleWorkerMain.run(GradleWorkerMain.java:69)\n\tat worker.org.gradle.process.internal.worker.GradleWorkerMain.main(GradleWorkerMain.java:74)\n","steps":[],"attachments":[{"uid":"5ca84b1d353ed47","name":"Request","source":"5ca84b1d353ed47.html","type":"text/html","size":434},{"uid":"49037a008117283b","name":"HTTP/1.1 204 No Content","source":"49037a008117283b.html","type":"text/html","size":1991},{"uid":"2fc2cad2506322aa","name":"Request","source":"2fc2cad2506322aa.html","type":"text/html","size":434},{"uid":"d9b793e341206020","name":"HTTP/1.1 204 No Content","source":"d9b793e341206020.html","type":"text/html","size":1690}],"parameters":[],"shouldDisplayMessage":true,"stepsCount":0,"attachmentsCount":4,"hasContent":true,"attachmentStep":false},"afterStages":[{"name":"attachLog","time":{"start":1754966235974,"stop":1754966235974,"duration":0},"description":"","status":"passed","steps":[],"attachments":[{"uid":"5294759851efd3d6","name":"Ejecución Log4j","source":"5294759851efd3d6.log","type":"text/plain","size":1518}],"parameters":[],"shouldDisplayMessage":false,"stepsCount":0,"attachmentsCount":1,"hasContent":true,"attachmentStep":false}],"labels":[{"name":"package","value":"apitests.IdempotencyTest"},{"name":"testClass","value":"apitests.IdempotencyTest"},{"name":"testMethod","value":"deleteUsuarioEsIdempotente"},{"name":"parentSuite","value":"Reqres API Test Suite"},{"name":"suite","value":"Pruebas Idempotencia"},{"name":"subSuite","value":"apitests.IdempotencyTest"},{"name":"host","value":"pkrvmsl9tci6h6u"},{"name":"thread","value":"2631@pkrvmsl9tci6h6u.Test worker(1)"},{"name":"framework","value":"testng"},{"name":"language","value":"java"},{"name":"story","value":"Verificar idempotencia en DELETE"},{"name":"tag","value":"DELETE"},{"name":"epic","value":"Reqres User API"},{"name":"owner","value":"Juan Martin Ruiz"},{"name":"feature","value":"Idempotencia"},{"name":"severity","value":"minor"},{"name":"resultFormat","value":"allure2"}],"parameters":[{"name":"delete_userId","value":"690"}],"links":[{"name":"API Documentation","url":"https://reqres.in/api-docs/#/default/delete_users__id_","type":"custom"}],"hidden":false,"retry":false,"extra":{"severity":"minor","owner":"Juan Martin Ruiz","retries":[],"categories":[{"name":"Product defects","matchedStatuses":[],"flaky":false}],"history":{"statistic":{"failed":22,"broken":0,"skipped":0,"passed":0,"unknown":0,"total":22},"items":[{"uid":"4a074e0fdfe9a5e5","reportUrl":"https://jmr85.github.io/reqres-restassured-tests/28//#testresult/4a074e0fdfe9a5e5","status":"failed","statusDetails":"1 expectation failed.\nExpected status code <404> but was <204>.\n","time":{"start":1754880466400,"stop":1754880466887,"duration":487}},{"uid":"bb7cf38d5862f185","reportUrl":"https://jmr85.github.io/reqres-restassured-tests/27//#testresult/bb7cf38d5862f185","status":"failed","statusDetails":"1 expectation failed.\nExpected status code <404> but was <204>.\n","time":{"start":1754794160880,"stop":1754794161214,"duration":334}},{"uid":"c8053725a703b0de","reportUrl":"https://jmr85.github.io/reqres-restassured-tests/26//#testresult/c8053725a703b0de","status":"failed","statusDetails":"1 expectation failed.\nExpected status code <404> but was <204>.\n","time":{"start":1754707085977,"stop":1754707086335,"duration":358}},{"uid":"dc515602748b7b8d","reportUrl":"https://jmr85.github.io/reqres-restassured-tests/25//#testresult/dc515602748b7b8d","status":"failed","statusDetails":"1 expectation failed.\nExpected status code <404> but was <204>.\n","time":{"start":1754621235556,"stop":1754621235930,"duration":374}},{"uid":"17531acc58e50882","reportUrl":"https://jmr85.github.io/reqres-restassured-tests/24//#testresult/17531acc58e50882","status":"failed","statusDetails":"1 expectation failed.\nExpected status code <404> but was <204>.\n","time":{"start":1754534864408,"stop":1754534864674,"duration":266}},{"uid":"96f5c55cf8d4c825","reportUrl":"https://jmr85.github.io/reqres-restassured-tests/23//#testresult/96f5c55cf8d4c825","status":"failed","statusDetails":"1 expectation failed.\nExpected status code <404> but was <204>.\n","time":{"start":1754524242547,"stop":1754524243038,"duration":491}},{"uid":"3ebf2f1162f53b11","reportUrl":"https://jmr85.github.io/reqres-restassured-tests/22//#testresult/3ebf2f1162f53b11","status":"failed","statusDetails":"1 expectation failed.\nExpected status code <404> but was <204>.\n","time":{"start":1754457275656,"stop":1754457276086,"duration":430}},{"uid":"74a2bf0085df57be","reportUrl":"https://jmr85.github.io/reqres-restassured-tests/21//#testresult/74a2bf0085df57be","status":"failed","statusDetails":"1 expectation failed.\nExpected status code <404> but was <204>.\n","time":{"start":1754451165953,"stop":1754451166474,"duration":521}},{"uid":"521dc8b949439100","reportUrl":"https://jmr85.github.io/reqres-restassured-tests/20//#testresult/521dc8b949439100","status":"failed","statusDetails":"1 expectation failed.\nExpected status code <404> but was <204>.\n","time":{"start":1754448460351,"stop":1754448460728,"duration":377}},{"uid":"12b9368a1ddb44aa","reportUrl":"https://jmr85.github.io/reqres-restassured-tests/19//#testresult/12b9368a1ddb44aa","status":"failed","statusDetails":"1 expectation failed.\nExpected status code <404> but was <204>.\n","time":{"start":1754411924798,"stop":1754411925154,"duration":356}},{"uid":"8d12eb247007fa27","reportUrl":"https://jmr85.github.io/reqres-restassured-tests/18//#testresult/8d12eb247007fa27","status":"failed","statusDetails":"1 expectation failed.\nExpected status code <404> but was <204>.\n","time":{"start":1754362137152,"stop":1754362137716,"duration":564}},{"uid":"7141188336c887b8","reportUrl":"https://jmr85.github.io/reqres-restassured-tests/17//#testresult/7141188336c887b8","status":"failed","statusDetails":"1 expectation failed.\nExpected status code <404> but was <204>.\n","time":{"start":1754275988888,"stop":1754275989298,"duration":410}},{"uid":"fb2ab67d0bceeed7","reportUrl":"https://jmr85.github.io/reqres-restassured-tests/16//#testresult/fb2ab67d0bceeed7","status":"failed","statusDetails":"1 expectation failed.\nExpected status code <404> but was <204>.\n","time":{"start":1754189536798,"stop":1754189537319,"duration":521}},{"uid":"950568cda6dd43c5","reportUrl":"https://jmr85.github.io/reqres-restassured-tests/15//#testresult/950568cda6dd43c5","status":"failed","statusDetails":"1 expectation failed.\nExpected status code <404> but was <204>.\n","time":{"start":1754102478936,"stop":1754102479346,"duration":410}},{"uid":"6f9e2c28125200cc","reportUrl":"https://jmr85.github.io/reqres-restassured-tests/14//#testresult/6f9e2c28125200cc","status":"failed","statusDetails":"1 expectation failed.\nExpected status code <404> but was <204>.\n","time":{"start":1754025839985,"stop":1754025840667,"duration":682}},{"uid":"e078be3b26fb2d46","reportUrl":"https://jmr85.github.io/reqres-restassured-tests/13//#testresult/e078be3b26fb2d46","status":"failed","statusDetails":"1 expectation failed.\nExpected status code <404> but was <204>.\n","time":{"start":1754016812090,"stop":1754016812439,"duration":349}},{"uid":"f6387202d33bc8b4","reportUrl":"https://jmr85.github.io/reqres-restassured-tests/12//#testresult/f6387202d33bc8b4","status":"failed","statusDetails":"1 expectation failed.\nExpected status code <404> but was <204>.\n","time":{"start":1753929969180,"stop":1753929969503,"duration":323}},{"uid":"feacc39c3e0fdb54","reportUrl":"https://jmr85.github.io/reqres-restassured-tests/11//#testresult/feacc39c3e0fdb54","status":"failed","statusDetails":"1 expectation failed.\nExpected status code <404> but was <204>.\n","time":{"start":1753843617386,"stop":1753843617776,"duration":390}},{"uid":"50e0b468b6da0cc1","reportUrl":"https://jmr85.github.io/reqres-restassured-tests/10//#testresult/50e0b468b6da0cc1","status":"failed","statusDetails":"1 expectation failed.\nExpected status code <404> but was <204>.\n","time":{"start":1753813798268,"stop":1753813798602,"duration":334}},{"uid":"94e5245663ef2e3c","reportUrl":"https://jmr85.github.io/reqres-restassured-tests/9//#testresult/94e5245663ef2e3c","status":"failed","statusDetails":"1 expectation failed.\nExpected status code <404> but was <204>.\n","time":{"start":1753811815622,"stop":1753811816235,"duration":613}}]},"tags":["DELETE"]},"source":"b3fb56561908d050.json","parameterValues":["690"]}