{"uid":"c97ac3b62521df6d","name":"Falla al crear un usuario sin body","fullName":"apitests.NegativasTest.crearUsuarioSinBody","historyId":"3ee99c18d077f071eddac391110f0823","time":{"start":1754451164551,"stop":1754451164879,"duration":328},"description":"Falla esperada al intentar crear un usuario sin body","descriptionHtml":"<p>Falla esperada al intentar crear un usuario sin body</p>\n","status":"failed","statusMessage":"1 expectation failed.\nExpected status code <400> but was <201>.\n","statusTrace":"java.lang.AssertionError: 1 expectation failed.\nExpected status code <400> but was <201>.\n\n\tat java.base/jdk.internal.reflect.DirectConstructorHandleAccessor.newInstance(DirectConstructorHandleAccessor.java:62)\n\tat java.base/java.lang.reflect.Constructor.newInstanceWithCaller(Constructor.java:502)\n\tat java.base/java.lang.reflect.Constructor.newInstance(Constructor.java:486)\n\tat org.codehaus.groovy.reflection.CachedConstructor.invoke(CachedConstructor.java:73)\n\tat org.codehaus.groovy.runtime.callsite.ConstructorSite$ConstructorSiteNoUnwrapNoCoerce.callConstructor(ConstructorSite.java:108)\n\tat org.codehaus.groovy.runtime.callsite.AbstractCallSite.callConstructor(AbstractCallSite.java:277)\n\tat io.restassured.internal.ResponseSpecificationImpl$HamcrestAssertionClosure.validate(ResponseSpecificationImpl.groovy:512)\n\tat io.restassured.internal.ResponseSpecificationImpl$HamcrestAssertionClosure$validate$1.call(Unknown Source)\n\tat io.restassured.internal.ResponseSpecificationImpl.validateResponseIfRequired(ResponseSpecificationImpl.groovy:696)\n\tat io.restassured.internal.ResponseSpecificationImpl.this$2$validateResponseIfRequired(ResponseSpecificationImpl.groovy)\n\tat java.base/jdk.internal.reflect.DirectMethodHandleAccessor.invoke(DirectMethodHandleAccessor.java:103)\n\tat java.base/java.lang.reflect.Method.invoke(Method.java:580)\n\tat org.codehaus.groovy.runtime.callsite.PlainObjectMetaMethodSite.doInvoke(PlainObjectMetaMethodSite.java:43)\n\tat org.codehaus.groovy.runtime.callsite.PogoMetaMethodSite$PogoCachedMethodSiteNoUnwrapNoCoerce.invoke(PogoMetaMethodSite.java:198)\n\tat org.codehaus.groovy.runtime.callsite.PogoMetaMethodSite.callCurrent(PogoMetaMethodSite.java:62)\n\tat org.codehaus.groovy.runtime.callsite.AbstractCallSite.callCurrent(AbstractCallSite.java:185)\n\tat io.restassured.internal.ResponseSpecificationImpl.statusCode(ResponseSpecificationImpl.groovy:135)\n\tat io.restassured.specification.ResponseSpecification$statusCode$0.callCurrent(Unknown Source)\n\tat io.restassured.internal.ResponseSpecificationImpl.statusCode(ResponseSpecificationImpl.groovy:143)\n\tat io.restassured.internal.ValidatableResponseOptionsImpl.statusCode(ValidatableResponseOptionsImpl.java:89)\n\tat apitests.NegativasTest.crearUsuarioSinBody(NegativasTest.java:41)\n\tat java.base/jdk.internal.reflect.DirectMethodHandleAccessor.invoke(DirectMethodHandleAccessor.java:103)\n\tat java.base/java.lang.reflect.Method.invoke(Method.java:580)\n\tat org.testng.internal.invokers.MethodInvocationHelper.invokeMethod(MethodInvocationHelper.java:141)\n\tat org.testng.internal.invokers.TestInvoker.invokeMethod(TestInvoker.java:687)\n\tat org.testng.internal.invokers.TestInvoker.invokeTestMethod(TestInvoker.java:230)\n\tat org.testng.internal.invokers.MethodRunner.runInSequence(MethodRunner.java:63)\n\tat org.testng.internal.invokers.TestInvoker$MethodInvocationAgent.invoke(TestInvoker.java:995)\n\tat org.testng.internal.invokers.TestInvoker.invokeTestMethods(TestInvoker.java:203)\n\tat org.testng.internal.invokers.TestMethodWorker.invokeTestMethods(TestMethodWorker.java:154)\n\tat org.testng.internal.invokers.TestMethodWorker.run(TestMethodWorker.java:134)\n\tat java.base/java.util.ArrayList.forEach(ArrayList.java:1596)\n\tat org.testng.TestRunner.privateRun(TestRunner.java:741)\n\tat org.testng.TestRunner.run(TestRunner.java:616)\n\tat org.testng.SuiteRunner.runTest(SuiteRunner.java:421)\n\tat org.testng.SuiteRunner.runSequentially(SuiteRunner.java:413)\n\tat org.testng.SuiteRunner.privateRun(SuiteRunner.java:373)\n\tat org.testng.SuiteRunner.run(SuiteRunner.java:312)\n\tat org.testng.SuiteRunnerWorker.runSuite(SuiteRunnerWorker.java:52)\n\tat org.testng.SuiteRunnerWorker.run(SuiteRunnerWorker.java:95)\n\tat org.testng.TestNG.runSuitesSequentially(TestNG.java:1274)\n\tat org.testng.TestNG.runSuitesLocally(TestNG.java:1208)\n\tat org.testng.TestNG.runSuites(TestNG.java:1112)\n\tat org.testng.TestNG.run(TestNG.java:1079)\n\tat org.gradle.api.internal.tasks.testing.testng.TestNGTestClassProcessor.runTests(TestNGTestClassProcessor.java:153)\n\tat org.gradle.api.internal.tasks.testing.testng.TestNGTestClassProcessor.stop(TestNGTestClassProcessor.java:95)\n\tat org.gradle.api.internal.tasks.testing.SuiteTestClassProcessor.stop(SuiteTestClassProcessor.java:63)\n\tat java.base/jdk.internal.reflect.DirectMethodHandleAccessor.invoke(DirectMethodHandleAccessor.java:103)\n\tat java.base/java.lang.reflect.Method.invoke(Method.java:580)\n\tat org.gradle.internal.dispatch.ReflectionDispatch.dispatch(ReflectionDispatch.java:36)\n\tat org.gradle.internal.dispatch.ReflectionDispatch.dispatch(ReflectionDispatch.java:24)\n\tat org.gradle.internal.dispatch.ContextClassLoaderDispatch.dispatch(ContextClassLoaderDispatch.java:33)\n\tat org.gradle.internal.dispatch.ProxyDispatchAdapter$DispatchingInvocationHandler.invoke(ProxyDispatchAdapter.java:92)\n\tat jdk.proxy1/jdk.proxy1.$Proxy4.stop(Unknown Source)\n\tat org.gradle.api.internal.tasks.testing.worker.TestWorker$3.run(TestWorker.java:200)\n\tat org.gradle.api.internal.tasks.testing.worker.TestWorker.executeAndMaintainThreadName(TestWorker.java:132)\n\tat org.gradle.api.internal.tasks.testing.worker.TestWorker.execute(TestWorker.java:103)\n\tat org.gradle.api.internal.tasks.testing.worker.TestWorker.execute(TestWorker.java:63)\n\tat org.gradle.process.internal.worker.child.ActionExecutionWorker.execute(ActionExecutionWorker.java:56)\n\tat org.gradle.process.internal.worker.child.SystemApplicationClassLoaderWorker.call(SystemApplicationClassLoaderWorker.java:122)\n\tat org.gradle.process.internal.worker.child.SystemApplicationClassLoaderWorker.call(SystemApplicationClassLoaderWorker.java:72)\n\tat worker.org.gradle.process.internal.worker.GradleWorkerMain.run(GradleWorkerMain.java:69)\n\tat worker.org.gradle.process.internal.worker.GradleWorkerMain.main(GradleWorkerMain.java:74)\n","flaky":false,"newFailed":false,"newBroken":false,"newPassed":false,"retriesCount":0,"retriesStatusChange":false,"beforeStages":[],"testStage":{"description":"Falla esperada al intentar crear un usuario sin body","status":"failed","statusMessage":"1 expectation failed.\nExpected status code <400> but was <201>.\n","statusTrace":"java.lang.AssertionError: 1 expectation failed.\nExpected status code <400> but was <201>.\n\n\tat java.base/jdk.internal.reflect.DirectConstructorHandleAccessor.newInstance(DirectConstructorHandleAccessor.java:62)\n\tat java.base/java.lang.reflect.Constructor.newInstanceWithCaller(Constructor.java:502)\n\tat java.base/java.lang.reflect.Constructor.newInstance(Constructor.java:486)\n\tat org.codehaus.groovy.reflection.CachedConstructor.invoke(CachedConstructor.java:73)\n\tat org.codehaus.groovy.runtime.callsite.ConstructorSite$ConstructorSiteNoUnwrapNoCoerce.callConstructor(ConstructorSite.java:108)\n\tat org.codehaus.groovy.runtime.callsite.AbstractCallSite.callConstructor(AbstractCallSite.java:277)\n\tat io.restassured.internal.ResponseSpecificationImpl$HamcrestAssertionClosure.validate(ResponseSpecificationImpl.groovy:512)\n\tat io.restassured.internal.ResponseSpecificationImpl$HamcrestAssertionClosure$validate$1.call(Unknown Source)\n\tat io.restassured.internal.ResponseSpecificationImpl.validateResponseIfRequired(ResponseSpecificationImpl.groovy:696)\n\tat io.restassured.internal.ResponseSpecificationImpl.this$2$validateResponseIfRequired(ResponseSpecificationImpl.groovy)\n\tat java.base/jdk.internal.reflect.DirectMethodHandleAccessor.invoke(DirectMethodHandleAccessor.java:103)\n\tat java.base/java.lang.reflect.Method.invoke(Method.java:580)\n\tat org.codehaus.groovy.runtime.callsite.PlainObjectMetaMethodSite.doInvoke(PlainObjectMetaMethodSite.java:43)\n\tat org.codehaus.groovy.runtime.callsite.PogoMetaMethodSite$PogoCachedMethodSiteNoUnwrapNoCoerce.invoke(PogoMetaMethodSite.java:198)\n\tat org.codehaus.groovy.runtime.callsite.PogoMetaMethodSite.callCurrent(PogoMetaMethodSite.java:62)\n\tat org.codehaus.groovy.runtime.callsite.AbstractCallSite.callCurrent(AbstractCallSite.java:185)\n\tat io.restassured.internal.ResponseSpecificationImpl.statusCode(ResponseSpecificationImpl.groovy:135)\n\tat io.restassured.specification.ResponseSpecification$statusCode$0.callCurrent(Unknown Source)\n\tat io.restassured.internal.ResponseSpecificationImpl.statusCode(ResponseSpecificationImpl.groovy:143)\n\tat io.restassured.internal.ValidatableResponseOptionsImpl.statusCode(ValidatableResponseOptionsImpl.java:89)\n\tat apitests.NegativasTest.crearUsuarioSinBody(NegativasTest.java:41)\n\tat java.base/jdk.internal.reflect.DirectMethodHandleAccessor.invoke(DirectMethodHandleAccessor.java:103)\n\tat java.base/java.lang.reflect.Method.invoke(Method.java:580)\n\tat org.testng.internal.invokers.MethodInvocationHelper.invokeMethod(MethodInvocationHelper.java:141)\n\tat org.testng.internal.invokers.TestInvoker.invokeMethod(TestInvoker.java:687)\n\tat org.testng.internal.invokers.TestInvoker.invokeTestMethod(TestInvoker.java:230)\n\tat org.testng.internal.invokers.MethodRunner.runInSequence(MethodRunner.java:63)\n\tat org.testng.internal.invokers.TestInvoker$MethodInvocationAgent.invoke(TestInvoker.java:995)\n\tat org.testng.internal.invokers.TestInvoker.invokeTestMethods(TestInvoker.java:203)\n\tat org.testng.internal.invokers.TestMethodWorker.invokeTestMethods(TestMethodWorker.java:154)\n\tat org.testng.internal.invokers.TestMethodWorker.run(TestMethodWorker.java:134)\n\tat java.base/java.util.ArrayList.forEach(ArrayList.java:1596)\n\tat org.testng.TestRunner.privateRun(TestRunner.java:741)\n\tat org.testng.TestRunner.run(TestRunner.java:616)\n\tat org.testng.SuiteRunner.runTest(SuiteRunner.java:421)\n\tat org.testng.SuiteRunner.runSequentially(SuiteRunner.java:413)\n\tat org.testng.SuiteRunner.privateRun(SuiteRunner.java:373)\n\tat org.testng.SuiteRunner.run(SuiteRunner.java:312)\n\tat org.testng.SuiteRunnerWorker.runSuite(SuiteRunnerWorker.java:52)\n\tat org.testng.SuiteRunnerWorker.run(SuiteRunnerWorker.java:95)\n\tat org.testng.TestNG.runSuitesSequentially(TestNG.java:1274)\n\tat org.testng.TestNG.runSuitesLocally(TestNG.java:1208)\n\tat org.testng.TestNG.runSuites(TestNG.java:1112)\n\tat org.testng.TestNG.run(TestNG.java:1079)\n\tat org.gradle.api.internal.tasks.testing.testng.TestNGTestClassProcessor.runTests(TestNGTestClassProcessor.java:153)\n\tat org.gradle.api.internal.tasks.testing.testng.TestNGTestClassProcessor.stop(TestNGTestClassProcessor.java:95)\n\tat org.gradle.api.internal.tasks.testing.SuiteTestClassProcessor.stop(SuiteTestClassProcessor.java:63)\n\tat java.base/jdk.internal.reflect.DirectMethodHandleAccessor.invoke(DirectMethodHandleAccessor.java:103)\n\tat java.base/java.lang.reflect.Method.invoke(Method.java:580)\n\tat org.gradle.internal.dispatch.ReflectionDispatch.dispatch(ReflectionDispatch.java:36)\n\tat org.gradle.internal.dispatch.ReflectionDispatch.dispatch(ReflectionDispatch.java:24)\n\tat org.gradle.internal.dispatch.ContextClassLoaderDispatch.dispatch(ContextClassLoaderDispatch.java:33)\n\tat org.gradle.internal.dispatch.ProxyDispatchAdapter$DispatchingInvocationHandler.invoke(ProxyDispatchAdapter.java:92)\n\tat jdk.proxy1/jdk.proxy1.$Proxy4.stop(Unknown Source)\n\tat org.gradle.api.internal.tasks.testing.worker.TestWorker$3.run(TestWorker.java:200)\n\tat org.gradle.api.internal.tasks.testing.worker.TestWorker.executeAndMaintainThreadName(TestWorker.java:132)\n\tat org.gradle.api.internal.tasks.testing.worker.TestWorker.execute(TestWorker.java:103)\n\tat org.gradle.api.internal.tasks.testing.worker.TestWorker.execute(TestWorker.java:63)\n\tat org.gradle.process.internal.worker.child.ActionExecutionWorker.execute(ActionExecutionWorker.java:56)\n\tat org.gradle.process.internal.worker.child.SystemApplicationClassLoaderWorker.call(SystemApplicationClassLoaderWorker.java:122)\n\tat org.gradle.process.internal.worker.child.SystemApplicationClassLoaderWorker.call(SystemApplicationClassLoaderWorker.java:72)\n\tat worker.org.gradle.process.internal.worker.GradleWorkerMain.run(GradleWorkerMain.java:69)\n\tat worker.org.gradle.process.internal.worker.GradleWorkerMain.main(GradleWorkerMain.java:74)\n","steps":[],"attachments":[{"uid":"1dcd27e75aa42949","name":"Request","source":"1dcd27e75aa42949.html","type":"text/html","size":422},{"uid":"f9bde107d2a2f648","name":"HTTP/1.1 201 Created","source":"f9bde107d2a2f648.html","type":"text/html","size":2197}],"parameters":[],"shouldDisplayMessage":true,"stepsCount":0,"attachmentsCount":2,"hasContent":true,"attachmentStep":false},"afterStages":[],"labels":[{"name":"package","value":"apitests.NegativasTest"},{"name":"testClass","value":"apitests.NegativasTest"},{"name":"testMethod","value":"crearUsuarioSinBody"},{"name":"parentSuite","value":"Reqres API Test Suite"},{"name":"suite","value":"Pruebas Negativas"},{"name":"subSuite","value":"apitests.NegativasTest"},{"name":"host","value":"pkrvmjbmru5nbw0"},{"name":"thread","value":"2651@pkrvmjbmru5nbw0.Test worker(1)"},{"name":"framework","value":"testng"},{"name":"language","value":"java"},{"name":"story","value":"Crear usuario con body vac√≠o"},{"name":"tag","value":"POST"},{"name":"feature","value":"Pruebas Negativas"},{"name":"epic","value":"Reqres User API"},{"name":"owner","value":"Juan Martin Ruiz"},{"name":"severity","value":"normal"},{"name":"resultFormat","value":"allure2"}],"parameters":[],"links":[],"hidden":false,"retry":false,"extra":{"severity":"normal","owner":"Juan Martin Ruiz","retries":[],"categories":[{"name":"Product defects","matchedStatuses":[],"flaky":false}],"history":{"statistic":{"failed":20,"broken":0,"skipped":0,"passed":0,"unknown":0,"total":20},"items":[{"uid":"2e0886fcc8c76922","reportUrl":"https://jmr85.github.io/reqres-restassured-tests/20//#testresult/2e0886fcc8c76922","status":"failed","statusDetails":"1 expectation failed.\nExpected status code <400> but was <201>.\n","time":{"start":1754448459129,"stop":1754448459349,"duration":220}},{"uid":"fd0d0d0b082298e4","reportUrl":"https://jmr85.github.io/reqres-restassured-tests/19//#testresult/fd0d0d0b082298e4","status":"failed","statusDetails":"1 expectation failed.\nExpected status code <400> but was <201>.\n","time":{"start":1754411923446,"stop":1754411923597,"duration":151}},{"uid":"7ad6a94c1b7a3515","reportUrl":"https://jmr85.github.io/reqres-restassured-tests/18//#testresult/7ad6a94c1b7a3515","status":"failed","statusDetails":"1 expectation failed.\nExpected status code <400> but was <201>.\n","time":{"start":1754362135635,"stop":1754362135864,"duration":229}},{"uid":"16b4a3424a32dd46","reportUrl":"https://jmr85.github.io/reqres-restassured-tests/17//#testresult/16b4a3424a32dd46","status":"failed","statusDetails":"1 expectation failed.\nExpected status code <400> but was <201>.\n","time":{"start":1754275987698,"stop":1754275987925,"duration":227}},{"uid":"e8b74bece39274fe","reportUrl":"https://jmr85.github.io/reqres-restassured-tests/16//#testresult/e8b74bece39274fe","status":"failed","statusDetails":"1 expectation failed.\nExpected status code <400> but was <201>.\n","time":{"start":1754189535369,"stop":1754189535710,"duration":341}},{"uid":"20e55653485f5a4e","reportUrl":"https://jmr85.github.io/reqres-restassured-tests/15//#testresult/20e55653485f5a4e","status":"failed","statusDetails":"1 expectation failed.\nExpected status code <400> but was <201>.\n","time":{"start":1754102477707,"stop":1754102477946,"duration":239}},{"uid":"e4257044b7698cb7","reportUrl":"https://jmr85.github.io/reqres-restassured-tests/14//#testresult/e4257044b7698cb7","status":"failed","statusDetails":"1 expectation failed.\nExpected status code <400> but was <201>.\n","time":{"start":1754025838420,"stop":1754025838798,"duration":378}},{"uid":"1882685b3f7b551c","reportUrl":"https://jmr85.github.io/reqres-restassured-tests/13//#testresult/1882685b3f7b551c","status":"failed","statusDetails":"1 expectation failed.\nExpected status code <400> but was <201>.\n","time":{"start":1754016810933,"stop":1754016811193,"duration":260}},{"uid":"8063929e1b3657e3","reportUrl":"https://jmr85.github.io/reqres-restassured-tests/12//#testresult/8063929e1b3657e3","status":"failed","statusDetails":"1 expectation failed.\nExpected status code <400> but was <201>.\n","time":{"start":1753929968089,"stop":1753929968305,"duration":216}},{"uid":"589327742528c046","reportUrl":"https://jmr85.github.io/reqres-restassured-tests/11//#testresult/589327742528c046","status":"failed","statusDetails":"1 expectation failed.\nExpected status code <400> but was <201>.\n","time":{"start":1753843616411,"stop":1753843616527,"duration":116}},{"uid":"555f0ccb58748105","reportUrl":"https://jmr85.github.io/reqres-restassured-tests/10//#testresult/555f0ccb58748105","status":"failed","statusDetails":"1 expectation failed.\nExpected status code <400> but was <201>.\n","time":{"start":1753813797116,"stop":1753813797326,"duration":210}},{"uid":"4c3af44c129a0496","reportUrl":"https://jmr85.github.io/reqres-restassured-tests/9//#testresult/4c3af44c129a0496","status":"failed","statusDetails":"1 expectation failed.\nExpected status code <400> but was <201>.\n","time":{"start":1753811813699,"stop":1753811813946,"duration":247}},{"uid":"747ca5cfb1f2343f","reportUrl":"https://jmr85.github.io/reqres-restassured-tests/8//#testresult/747ca5cfb1f2343f","status":"failed","statusDetails":"1 expectation failed.\nExpected status code <400> but was <201>.\n","time":{"start":1753811615135,"stop":1753811615367,"duration":232}},{"uid":"ee71589876ca7476","reportUrl":"https://jmr85.github.io/reqres-restassured-tests/7//#testresult/ee71589876ca7476","status":"failed","statusDetails":"1 expectation failed.\nExpected status code <400> but was <201>.\n","time":{"start":1753808119128,"stop":1753808119392,"duration":264}},{"uid":"977de652833353f9","reportUrl":"https://jmr85.github.io/reqres-restassured-tests/6//#testresult/977de652833353f9","status":"failed","statusDetails":"1 expectation failed.\nExpected status code <400> but was <201>.\n","time":{"start":1753805077254,"stop":1753805077389,"duration":135}},{"uid":"261495848c9272db","reportUrl":"https://jmr85.github.io/reqres-restassured-tests/5//#testresult/261495848c9272db","status":"failed","statusDetails":"1 expectation failed.\nExpected status code <400> but was <201>.\n","time":{"start":1753764015949,"stop":1753764016143,"duration":194}},{"uid":"b18ba4a2bb646428","reportUrl":"https://jmr85.github.io/reqres-restassured-tests/4//#testresult/b18ba4a2bb646428","status":"failed","statusDetails":"1 expectation failed.\nExpected status code <400> but was <201>.\n","time":{"start":1753759727317,"stop":1753759727661,"duration":344}},{"uid":"f3bf3a028932ef0e","reportUrl":"https://jmr85.github.io/reqres-restassured-tests/3//#testresult/f3bf3a028932ef0e","status":"failed","statusDetails":"1 expectation failed.\nExpected status code <400> but was <201>.\n","time":{"start":1753757482275,"stop":1753757482507,"duration":232}},{"uid":"c431934a015785cd","reportUrl":"https://jmr85.github.io/reqres-restassured-tests/2//#testresult/c431934a015785cd","status":"failed","statusDetails":"1 expectation failed.\nExpected status code <400> but was <201>.\n","time":{"start":1753754003452,"stop":1753754003796,"duration":344}}]},"tags":["POST"]},"source":"c97ac3b62521df6d.json","parameterValues":[]}